<?xml version="1.0" encoding="UTF-8"?>
<!-- Generated by org.testng.reporters.JUnitReportReporter -->
<testsuite hostname="DESKTOP-4BBM97T" failures="0" tests="4" name="Test.myPage1" time="0.009" errors="0" timestamp="2021-06-18T15:43:55 IST" skipped="0">
  <testcase classname="Test.myPage1" name="Test2" time="0.001"/>
  <system-out/>
  <testcase classname="Test.myPage1" name="Test1" time="0.002"/>
  <system-out/>
  <testcase classname="Test.myPage1" name="Test4" time="0.001"/>
  <system-out/>
  <testcase classname="Test.myPage1" name="Test3" time="0.005"/>
  <system-out/>
</testsuite> <!-- Test.myPage1 -->
