<?xml version="1.0" encoding="UTF-8"?>
<!-- Generated by org.testng.reporters.JUnitReportReporter -->
<testsuite hostname="DESKTOP-4BBM97T" failures="0" tests="2" name="testClass" time="13.474" errors="0" timestamp="2021-06-15T21:19:19 IST" skipped="0">
  <testcase classname="testClass" name="test1" time="3.128"/>
  <system-out/>
  <testcase classname="testClass" name="drag" time="10.346"/>
  <system-out/>
</testsuite> <!-- testClass -->
