<?xml version="1.0" encoding="UTF-8"?>
<!-- Generated by org.testng.reporters.JUnitReportReporter -->
<testsuite hostname="DESKTOP-4BBM97T" failures="0" tests="1" name="Test.myPage2" time="0.002" errors="0" timestamp="2021-06-18T15:43:55 IST" skipped="0">
  <testcase classname="Test.myPage2" name="Test2" time="0.002"/>
  <system-out/>
</testsuite> <!-- Test.myPage2 -->
